<?xml version="1.0" encoding="UTF-8"?>
<!-- Generated by org.testng.reporters.JUnitReportReporter -->
<testsuite skipped="0" hostname="DESKTOP-H88NH5A" name="way2automation.AppTest" tests="1" failures="0" timestamp="08 Jan 2018 22:05:33 GMT" time="6.229" errors="0">
  <testcase name="testLogin" time="6.229" classname="way2automation.AppTest"/>
</testsuite> <!-- way2automation.AppTest -->
